Using pre-set license

 COMMAND LINE ARGUMENTS:
/Users/xiaowenhuang/Documents/Unity/2020.3.4f1/Unity.app/Contents/MacOS/Unity
-adb2
-batchMode
-noUpm
-name
AssetImportWorker0
-projectPath
/Users/xiaowenhuang/Documents/GitHub/TechProject7/TechProject7
-logFile
Logs/AssetImportWorker0.log
-srvPort
60555
Successfully changed project path to: /Users/xiaowenhuang/Documents/GitHub/TechProject7/TechProject7
/Users/xiaowenhuang/Documents/GitHub/TechProject7/TechProject7
Using Asset Import Pipeline V2.
Refreshing native plugins compatible for Editor in 59.59 ms, found 1 plugins.
Preloading 0 native plugins for Editor in 0.00 ms.
Initialize engine version: 2020.3.4f1 (0abb6314276a)
[Subsystems] Discovering subsystems at path /Users/xiaowenhuang/Documents/Unity/2020.3.4f1/Unity.app/Contents/Resources/UnitySubsystems
[Subsystems] Discovering subsystems at path /Users/xiaowenhuang/Documents/GitHub/TechProject7/TechProject7/Assets
GfxDevice: creating device client; threaded=0
2021-05-05 22:39:58.037 Unity[9989:4084939] Color LCD preferred device: Intel(R) Iris(TM) Graphics 6100 (low power)
2021-05-05 22:39:58.038 Unity[9989:4084939] Metal devices available: 1
2021-05-05 22:39:58.038 Unity[9989:4084939] 0: Intel(R) Iris(TM) Graphics 6100 (low power)
2021-05-05 22:39:58.040 Unity[9989:4084939] Using device Intel(R) Iris(TM) Graphics 6100 (low power)
Initializing Metal device caps: Intel(R) Iris(TM) Graphics 6100
Shader 'Universal Render Pipeline/Particles/Lit': fallback shader 'Universal Render Pipeline/Particles/SimpleLit' not found
Initialize mono
Mono path[0] = '/Users/xiaowenhuang/Documents/Unity/2020.3.4f1/Unity.app/Contents/Managed'
Mono path[1] = '/Users/xiaowenhuang/Documents/Unity/2020.3.4f1/Unity.app/Contents/MonoBleedingEdge/lib/mono/unityjit'
Mono config path = '/Users/xiaowenhuang/Documents/Unity/2020.3.4f1/Unity.app/Contents/MonoBleedingEdge/etc'
Using monoOptions --debugger-agent=transport=dt_socket,embedding=1,server=y,suspend=n,address=127.0.0.1:56989
Begin MonoManager ReloadAssembly
Registering precompiled unity dll's ...
Register platform support module: /Users/xiaowenhuang/Documents/Unity/2020.3.4f1/PlaybackEngines/WebGLSupport/UnityEditor.WebGL.Extensions.dll
Register platform support module: /Users/xiaowenhuang/Documents/Unity/2020.3.4f1/Unity.app/Contents/PlaybackEngines/MacStandaloneSupport/UnityEditor.OSXStandalone.Extensions.dll
Register platform support module: /Users/xiaowenhuang/Documents/Unity/2020.3.4f1/PlaybackEngines/WindowsStandaloneSupport/UnityEditor.WindowsStandalone.Extensions.dll
Registered in 0.000751 seconds.
Native extension for WindowsStandalone target not found
Native extension for OSXStandalone target not found
Native extension for WebGL target not found
Refreshing native plugins compatible for Editor in 51.12 ms, found 1 plugins.
Preloading 0 native plugins for Editor in 0.00 ms.
Mono: successfully reloaded assembly
- Completed reload, in  1.946 seconds
Platform modules already initialized, skipping
Registering precompiled user dll's ...
Registered in 0.000927 seconds.
Begin MonoManager ReloadAssembly
Native extension for WindowsStandalone target not found
Native extension for OSXStandalone target not found
Native extension for WebGL target not found
Refreshing native plugins compatible for Editor in 51.57 ms, found 1 plugins.
Preloading 0 native plugins for Editor in 0.00 ms.
Mono: successfully reloaded assembly
- Completed reload, in  1.259 seconds
Platform modules already initialized, skipping
========================================================================
Worker process is ready to serve import requests
Shader 'Universal Render Pipeline/Particles/Lit': fallback shader 'Universal Render Pipeline/Particles/SimpleLit' not found
Launching external process: /Users/xiaowenhuang/Documents/Unity/2020.3.4f1/Unity.app/Contents/Tools/UnityShaderCompiler
Launched and connected shader compiler UnityShaderCompiler after 0.02 seconds
Refreshing native plugins compatible for Editor in 0.52 ms, found 1 plugins.
Preloading 0 native plugins for Editor in 0.00 ms.
Unloading 2375 Unused Serialized files (Serialized files now loaded: 0)
System memory in use before: 191.6 MB.
System memory in use after: 191.7 MB.

Unloading 11 unused Assets to reduce memory usage. Loaded Objects now: 2840.
Total: 3.345746 ms (FindLiveObjects: 0.468914 ms CreateObjectMapping: 0.152236 ms MarkObjects: 2.585517 ms  DeleteObjects: 0.137491 ms)

========================================================================
Received Import Request.
  path: Assets/Scripts/SkyboxBlend.mat
  artifactKey: Guid(9eeedf891b06f42c0aa06a70e28b2b6b) Importer(815301076,1909f56bfc062723c751e8b465ee728b)
Start importing Assets/Scripts/SkyboxBlend.mat using Guid(9eeedf891b06f42c0aa06a70e28b2b6b) Importer(815301076,1909f56bfc062723c751e8b465ee728b)  -> (artifact id: '81d9024c683f4df73520f3cdb2b07715') in 0.406630 seconds
  Import took 0.412455 seconds .

========================================================================
Received Import Request.
  Time since last request: 295.200263 seconds.
  path: Assets/RPGPP_LT/Materials/Grass.mat
  artifactKey: Guid(788b74a310c284598863a1a99283643d) Importer(815301076,1909f56bfc062723c751e8b465ee728b)
Start importing Assets/RPGPP_LT/Materials/Grass.mat using Guid(788b74a310c284598863a1a99283643d) Importer(815301076,1909f56bfc062723c751e8b465ee728b)  -> (artifact id: 'c33f41521433b4fad8ffe9552f528799') in 0.019648 seconds
  Import took 0.024625 seconds .

========================================================================
Received Import Request.
  Time since last request: 0.000289 seconds.
  path: Assets/RPGPP_LT/Materials/rpgpp_lt_sky_a.mat
  artifactKey: Guid(ff33af19770dd3e489f9c65e388009fe) Importer(815301076,1909f56bfc062723c751e8b465ee728b)
Start importing Assets/RPGPP_LT/Materials/rpgpp_lt_sky_a.mat using Guid(ff33af19770dd3e489f9c65e388009fe) Importer(815301076,1909f56bfc062723c751e8b465ee728b)  -> (artifact id: '1c768c9045f3327b24f4a7ec2f423f0c') in 0.045010 seconds
  Import took 0.053432 seconds .

========================================================================
Received Import Request.
  Time since last request: 0.000465 seconds.
  path: Assets/RPGPP_LT/Materials/rpgpp_lt_mat_a.mat
  artifactKey: Guid(58d53420af384224ea4cfee8973d18cb) Importer(815301076,1909f56bfc062723c751e8b465ee728b)
Start importing Assets/RPGPP_LT/Materials/rpgpp_lt_mat_a.mat using Guid(58d53420af384224ea4cfee8973d18cb) Importer(815301076,1909f56bfc062723c751e8b465ee728b)  -> (artifact id: '8ee671c256259d6f5b25e2a82f2c422a') in 0.024949 seconds
  Import took 0.045967 seconds .

========================================================================
Received Import Request.
  Time since last request: 0.001275 seconds.
  path: Assets/RPGPP_LT/Materials/rpgpp_lt_cloud_a.mat
  artifactKey: Guid(434bfd6528d84e643ade0d2cd5c6fe1b) Importer(815301076,1909f56bfc062723c751e8b465ee728b)
Start importing Assets/RPGPP_LT/Materials/rpgpp_lt_cloud_a.mat using Guid(434bfd6528d84e643ade0d2cd5c6fe1b) Importer(815301076,1909f56bfc062723c751e8b465ee728b)  -> (artifact id: '2fd12f3740e33595b816be515a379bbe') in 0.015630 seconds
  Import took 0.024720 seconds .

========================================================================
Received Import Request.
  Time since last request: 27.078800 seconds.
  path: Assets/Scenes/OpenWorld.unity
  artifactKey: Guid(1e01b2f9778db4437881c2f82f4d236f) Importer(815301076,1909f56bfc062723c751e8b465ee728b)
Start importing Assets/Scenes/OpenWorld.unity using Guid(1e01b2f9778db4437881c2f82f4d236f) Importer(815301076,1909f56bfc062723c751e8b465ee728b)  -> (artifact id: 'adf867473ddb3c605cf3b2a820128db2') in 0.002103 seconds
  Import took 0.010556 seconds .

========================================================================
Received Import Request.
  Time since last request: 6.779987 seconds.
  path: Assets/Scenes/OpenWorld 1.unity
  artifactKey: Guid(c294037ca08ba4b529ea72f7518815a4) Importer(815301076,1909f56bfc062723c751e8b465ee728b)
Start importing Assets/Scenes/OpenWorld 1.unity using Guid(c294037ca08ba4b529ea72f7518815a4) Importer(815301076,1909f56bfc062723c751e8b465ee728b)  -> (artifact id: '36af0f2be49a9000ef795fddc933d19a') in 0.006967 seconds
  Import took 0.016326 seconds .

========================================================================
Received Import Request.
  Time since last request: 5.920685 seconds.
  path: Assets/Scenes/Snow.unity
  artifactKey: Guid(c294037ca08ba4b529ea72f7518815a4) Importer(815301076,1909f56bfc062723c751e8b465ee728b)
Start importing Assets/Scenes/Snow.unity using Guid(c294037ca08ba4b529ea72f7518815a4) Importer(815301076,1909f56bfc062723c751e8b465ee728b)  -> (artifact id: '0a8ac6ea8d3f3057f6290111b036a075') in 0.004074 seconds
  Import took 0.012429 seconds .

========================================================================
Received Import Request.
  Time since last request: 6.486448 seconds.
  path: Assets/RPGPP_LT
  artifactKey: Guid(cb84971bed9a44635a0d410d96e9e3f5) Importer(815301076,1909f56bfc062723c751e8b465ee728b)
Start importing Assets/RPGPP_LT using Guid(cb84971bed9a44635a0d410d96e9e3f5) Importer(815301076,1909f56bfc062723c751e8b465ee728b)  -> (artifact id: 'f11b630b8ac48de3dada6ed6a81c37c3') in 0.003374 seconds
  Import took 0.011511 seconds .

